<?xml version="1.0" encoding="UTF-8"?>
<!-- Generated by org.testng.reporters.JUnitReportReporter -->
<testsuite hostname="MSI" failures="0" tests="1" name="Tests.PA2" time="10.463" errors="0" timestamp="2022-05-17T08:53:15 GMT+02:00" skipped="0">
  <testcase classname="Tests.PA2" name="PA2PS1" time="10.463"/>
  <system-out/>
</testsuite> <!-- Tests.PA2 -->
