<?xml version="1.0" encoding="UTF-8"?>
<!-- Generated by org.testng.reporters.JUnitReportReporter -->
<testsuite hostname="MSI" failures="0" tests="1" name="Tests.PA3" time="3.208" errors="0" timestamp="2022-05-17T08:53:15 GMT+02:00" skipped="0">
  <testcase classname="Tests.PA3" name="PA3PS1" time="3.208"/>
  <system-out/>
</testsuite> <!-- Tests.PA3 -->
